<<< /home/aananth/projects/capi-someip/CommonAPI-3.1.3/src/CommonAPI/Runtime.cpp::Runtime():55 | TIMER RESET!!
»—› /home/aananth/projects/capi-someip/CommonAPI-3.1.3/src/CommonAPI/Runtime.cpp::Runtime():56 | time=10:40:44.458506; time-diff=116 us
»—› /home/aananth/projects/capi-someip/CommonAPI-SomeIP-3.1.3/src/CommonAPI/SomeIP/Factory.cpp::FactoryInit():19 | time=10:40:44.458674; time-diff=284 us
»—› /home/aananth/projects/capi-someip/CommonAPI-3.1.3/src/CommonAPI/Runtime.cpp::get():47 | time=10:40:44.458819; time-diff=429 us
»—› /home/aananth/projects/capi-someip/CommonAPI-3.1.3/src/CommonAPI/Runtime.cpp::readConfiguration():160 | time=10:40:44.458870; time-diff=480 us
<<< config file = /etc/commonapi.ini
»—› /home/aananth/projects/capi-someip/CommonAPI-3.1.3/src/CommonAPI/Runtime.cpp::init():135 | time=10:40:44.459117; time-diff=727 us
<<< default binding = dbus, default folder = /usr/local/lib/commonapidefault config = /etc/commonapi.ini, default factory = 0
»—› /home/aananth/projects/capi-someip/CommonAPI-3.1.3/src/CommonAPI/Runtime.cpp::registerFactory():65 | time=10:40:44.459178; time-diff=788 us
register factory : someip
»—› /home/aananth/projects/capi-someip/project/src-gen/v1_0/math/sum/sum_ifSomeIPStubAdapter.cpp::registersum_ifSomeIPStubAdapter():35 | time=10:40:44.459341; time-diff=951 us
»—› /home/aananth/projects/capi-someip/CommonAPI-SomeIP-3.1.3/src/CommonAPI/SomeIP/AddressTranslator.cpp::AddressTranslator():37 | time=10:40:44.459424; time-diff=1034 us
<<< insert(): address: local:math.sum.sum_if:test, service: 1234, instance: 5678
»—› /home/aananth/projects/capi-someip/CommonAPI-SomeIP-3.1.3/src/CommonAPI/SomeIP/Factory.cpp::registerStubAdapterCreateMethod():30 | time=a:28:2c.703db; time-diff=1349 us
»—› /home/aananth/projects/capi-someip/project/src/sum.cpp::main():13 | time=a:28:2c.70458; time-diff=1474 us
»—› /home/aananth/projects/capi-someip/CommonAPI-3.1.3/src/CommonAPI/Runtime.cpp::get():2f | time=a:28:2c.70468; time-diff=1490 us
»—› /home/aananth/projects/capi-someip/project/src-gen/v1_0/math/sum/sum_ifStubDefault.cpp::sum_ifStubDefault():16 | time=a:28:2c.70477; time-diff=1505 us
»—› /home/aananth/projects/capi-someip/project/src/sum_ifStubImpl.cpp::sum_ifStubImpl():d | time=a:28:2c.70482; time-diff=1516 us
registering stub implementation...
»—› /home/aananth/projects/capi-someip/project/../CommonAPI-3.1.3/include/CommonAPI/Runtime.hpp::registerService():7b | time=a:28:2c.7048e; time-diff=1528 us
»—› /home/aananth/projects/capi-someip/CommonAPI-3.1.3/src/CommonAPI/Runtime.cpp::registerStub():104 | time=a:28:2c.7049a; time-diff=1540 us
»—› /home/aananth/projects/capi-someip/CommonAPI-3.1.3/src/CommonAPI/Runtime.cpp::registerStubHelper():1a4 | time=a:28:2c.704a7; time-diff=1553 us
<<< loop count = 0, factory: someip
»—› /home/aananth/projects/capi-someip/CommonAPI-SomeIP-3.1.3/src/CommonAPI/SomeIP/Factory.cpp::registerStub():6a | time=a:28:2c.704cb; time-diff=1589 us
»—› /home/aananth/projects/capi-someip/CommonAPI-SomeIP-3.1.3/src/CommonAPI/SomeIP/Factory.cpp::getConnection():fb | time=a:28:2c.70504; time-diff=1646 us
<<< getConnection(): _connectionId = ""
»—› /home/aananth/projects/capi-someip/CommonAPI-SomeIP-3.1.3/src/CommonAPI/SomeIP/Connection.cpp::Connection():bc | time=a:28:2c.706a7; time-diff=2065 us
»—› /home/aananth/projects/capi-someip/vSomeIP-1.3.0/implementation/runtime/src/application_impl.cpp::init():26 | time=a:28:2c.706c4; time-diff=2094 us
»—› /home/aananth/projects/capi-someip/project/src-gen/v1_0/math/sum/sum_ifSomeIPStubAdapter.cpp::sum_ifSomeIPStubAdapterInternal():63 | time=a:28:2c.71fe8; time-diff=8530 us
»—› /home/aananth/projects/capi-someip/vSomeIP-1.3.0/implementation/runtime/src/application_impl.cpp::start():73 | time=a:28:2c.7201b; time-diff=8581 us
»—› /home/aananth/projects/capi-someip/CommonAPI-SomeIP-3.1.3/src/CommonAPI/SomeIP/Factory.cpp::registerStubAdapter():98 | time=a:28:2c.72023; time-diff=8589 us
»—› /home/aananth/projects/capi-someip/CommonAPI-SomeIP-3.1.3/src/CommonAPI/SomeIP/StubAdapter.cpp::getConnection():2d | time=a:28:2c.72063; time-diff=8653 us
<<< stub helper registration succeeded!
registered stub implementation!
»—› /home/aananth/projects/capi-someip/project/src/sum.cpp::main():19 | time=a:28:2c.72466; time-diff=9680 us
Waiting for the remote client (proxy) to call this stub...
»—› /home/aananth/projects/capi-someip/CommonAPI-SomeIP-3.1.3/src/CommonAPI/SomeIP/StubAdapter.cpp::getConnection():2d | time=a:29:1.42978; time-diff=1.68144e+07 us
/home/aananth/projects/capi-someip/project/src/sum_ifStubImpl.cpp::add2 : 17 ==> 0 + 1
»—› /home/aananth/projects/capi-someip/project/src/sum_ifStubImpl.cpp::add2():19 | time=a:29:1.42b60; time-diff=1.68149e+07 us
»—› /home/aananth/projects/capi-someip/CommonAPI-SomeIP-3.1.3/src/CommonAPI/SomeIP/StubAdapter.cpp::getConnection():2d | time=a:29:1.42dbd; time-diff=1.68155e+07 us
/home/aananth/projects/capi-someip/project/src/sum_ifStubImpl.cpp::add2 : 17 ==> 1 + 2
»—› /home/aananth/projects/capi-someip/project/src/sum_ifStubImpl.cpp::add2():19 | time=a:29:1.42e80; time-diff=1.68157e+07 us
»—› /home/aananth/projects/capi-someip/CommonAPI-SomeIP-3.1.3/src/CommonAPI/SomeIP/StubAdapter.cpp::getConnection():2d | time=a:29:1.4306d; time-diff=1.68162e+07 us
/home/aananth/projects/capi-someip/project/src/sum_ifStubImpl.cpp::add2 : 17 ==> 3 + 3
»—› /home/aananth/projects/capi-someip/project/src/sum_ifStubImpl.cpp::add2():19 | time=a:29:1.43134; time-diff=1.68164e+07 us
»—› /home/aananth/projects/capi-someip/CommonAPI-SomeIP-3.1.3/src/CommonAPI/SomeIP/StubAdapter.cpp::getConnection():2d | time=a:29:1.432ea; time-diff=1.68168e+07 us
/home/aananth/projects/capi-someip/project/src/sum_ifStubImpl.cpp::add2 : 17 ==> 6 + 4
»—› /home/aananth/projects/capi-someip/project/src/sum_ifStubImpl.cpp::add2():19 | time=a:29:1.433ac; time-diff=1.6817e+07 us
»—› /home/aananth/projects/capi-someip/CommonAPI-SomeIP-3.1.3/src/CommonAPI/SomeIP/StubAdapter.cpp::getConnection():2d | time=a:29:1.43568; time-diff=1.68174e+07 us
/home/aananth/projects/capi-someip/project/src/sum_ifStubImpl.cpp::add2 : 17 ==> 10 + 5
»—› /home/aananth/projects/capi-someip/project/src/sum_ifStubImpl.cpp::add2():19 | time=a:29:1.4362d; time-diff=1.68176e+07 us
»—› /home/aananth/projects/capi-someip/CommonAPI-SomeIP-3.1.3/src/CommonAPI/SomeIP/StubAdapter.cpp::getConnection():2d | time=a:29:1.43861; time-diff=1.68182e+07 us
/home/aananth/projects/capi-someip/project/src/sum_ifStubImpl.cpp::add2 : 17 ==> 15 + 6
»—› /home/aananth/projects/capi-someip/project/src/sum_ifStubImpl.cpp::add2():19 | time=a:29:1.43927; time-diff=1.68184e+07 us
»—› /home/aananth/projects/capi-someip/CommonAPI-SomeIP-3.1.3/src/CommonAPI/SomeIP/StubAdapter.cpp::getConnection():2d | time=a:29:1.43b47; time-diff=1.68189e+07 us
/home/aananth/projects/capi-someip/project/src/sum_ifStubImpl.cpp::add2 : 17 ==> 21 + 7
»—› /home/aananth/projects/capi-someip/project/src/sum_ifStubImpl.cpp::add2():19 | time=a:29:1.43c44; time-diff=1.68192e+07 us
»—› /home/aananth/projects/capi-someip/CommonAPI-SomeIP-3.1.3/src/CommonAPI/SomeIP/StubAdapter.cpp::getConnection():2d | time=a:29:1.43dd1; time-diff=1.68196e+07 us
/home/aananth/projects/capi-someip/project/src/sum_ifStubImpl.cpp::add2 : 17 ==> 28 + 8
»—› /home/aananth/projects/capi-someip/project/src/sum_ifStubImpl.cpp::add2():19 | time=a:29:1.43e95; time-diff=1.68198e+07 us
»—› /home/aananth/projects/capi-someip/CommonAPI-SomeIP-3.1.3/src/CommonAPI/SomeIP/StubAdapter.cpp::getConnection():2d | time=a:29:1.440f4; time-diff=1.68204e+07 us
/home/aananth/projects/capi-someip/project/src/sum_ifStubImpl.cpp::add2 : 17 ==> 36 + 9
»—› /home/aananth/projects/capi-someip/project/src/sum_ifStubImpl.cpp::add2():19 | time=a:29:1.441bb; time-diff=1.68206e+07 us
»—› /home/aananth/projects/capi-someip/CommonAPI-SomeIP-3.1.3/src/CommonAPI/SomeIP/StubAdapter.cpp::getConnection():2d | time=a:29:1.44388; time-diff=1.6821e+07 us
/home/aananth/projects/capi-someip/project/src/sum_ifStubImpl.cpp::add2 : 17 ==> 45 + 10
»—› /home/aananth/projects/capi-someip/project/src/sum_ifStubImpl.cpp::add2():19 | time=a:29:1.4444b; time-diff=1.68212e+07 us
»—› /home/aananth/projects/capi-someip/CommonAPI-SomeIP-3.1.3/src/CommonAPI/SomeIP/StubAdapter.cpp::getConnection():2d | time=a:29:1.4463d; time-diff=1.68217e+07 us
/home/aananth/projects/capi-someip/project/src/sum_ifStubImpl.cpp::add2 : 17 ==> 55 + 11
»—› /home/aananth/projects/capi-someip/project/src/sum_ifStubImpl.cpp::add2():19 | time=a:29:1.44704; time-diff=1.68219e+07 us
»—› /home/aananth/projects/capi-someip/CommonAPI-SomeIP-3.1.3/src/CommonAPI/SomeIP/StubAdapter.cpp::getConnection():2d | time=a:29:1.4493c; time-diff=1.68225e+07 us
/home/aananth/projects/capi-someip/project/src/sum_ifStubImpl.cpp::add2 : 17 ==> 66 + 12
»—› /home/aananth/projects/capi-someip/project/src/sum_ifStubImpl.cpp::add2():19 | time=a:29:1.449ff; time-diff=1.68227e+07 us
»—› /home/aananth/projects/capi-someip/CommonAPI-SomeIP-3.1.3/src/CommonAPI/SomeIP/StubAdapter.cpp::getConnection():2d | time=a:29:1.44c00; time-diff=1.68232e+07 us
/home/aananth/projects/capi-someip/project/src/sum_ifStubImpl.cpp::add2 : 17 ==> 78 + 13
»—› /home/aananth/projects/capi-someip/project/src/sum_ifStubImpl.cpp::add2():19 | time=a:29:1.44cc7; time-diff=1.68234e+07 us
»—› /home/aananth/projects/capi-someip/CommonAPI-SomeIP-3.1.3/src/CommonAPI/SomeIP/StubAdapter.cpp::getConnection():2d | time=a:29:1.44e85; time-diff=1.68239e+07 us
/home/aananth/projects/capi-someip/project/src/sum_ifStubImpl.cpp::add2 : 17 ==> 91 + 14
»—› /home/aananth/projects/capi-someip/project/src/sum_ifStubImpl.cpp::add2():19 | time=a:29:1.44f57; time-diff=1.68241e+07 us
»—› /home/aananth/projects/capi-someip/CommonAPI-SomeIP-3.1.3/src/CommonAPI/SomeIP/StubAdapter.cpp::getConnection():2d | time=a:29:1.450df; time-diff=1.68245e+07 us
/home/aananth/projects/capi-someip/project/src/sum_ifStubImpl.cpp::add2 : 17 ==> 105 + 15
»—› /home/aananth/projects/capi-someip/project/src/sum_ifStubImpl.cpp::add2():19 | time=a:29:1.451a6; time-diff=1.68247e+07 us
»—› /home/aananth/projects/capi-someip/CommonAPI-SomeIP-3.1.3/src/CommonAPI/SomeIP/StubAdapter.cpp::getConnection():2d | time=a:29:1.45323; time-diff=1.6825e+07 us
/home/aananth/projects/capi-someip/project/src/sum_ifStubImpl.cpp::add2 : 17 ==> 120 + 16
»—› /home/aananth/projects/capi-someip/project/src/sum_ifStubImpl.cpp::add2():19 | time=a:29:1.453e8; time-diff=1.68252e+07 us
»—› /home/aananth/projects/capi-someip/CommonAPI-SomeIP-3.1.3/src/CommonAPI/SomeIP/StubAdapter.cpp::getConnection():2d | time=a:29:1.455b6; time-diff=1.68257e+07 us
/home/aananth/projects/capi-someip/project/src/sum_ifStubImpl.cpp::add2 : 17 ==> 136 + 17
»—› /home/aananth/projects/capi-someip/project/src/sum_ifStubImpl.cpp::add2():19 | time=a:29:1.4567e; time-diff=1.68259e+07 us
»—› /home/aananth/projects/capi-someip/CommonAPI-SomeIP-3.1.3/src/CommonAPI/SomeIP/StubAdapter.cpp::getConnection():2d | time=a:29:1.457fd; time-diff=1.68263e+07 us
/home/aananth/projects/capi-someip/project/src/sum_ifStubImpl.cpp::add2 : 17 ==> 153 + 18
»—› /home/aananth/projects/capi-someip/project/src/sum_ifStubImpl.cpp::add2():19 | time=a:29:1.458de; time-diff=1.68265e+07 us
»—› /home/aananth/projects/capi-someip/CommonAPI-SomeIP-3.1.3/src/CommonAPI/SomeIP/StubAdapter.cpp::getConnection():2d | time=a:29:1.45a5b; time-diff=1.68269e+07 us
/home/aananth/projects/capi-someip/project/src/sum_ifStubImpl.cpp::add2 : 17 ==> 171 + 19
»—› /home/aananth/projects/capi-someip/project/src/sum_ifStubImpl.cpp::add2():19 | time=a:29:1.45b24; time-diff=1.68271e+07 us
»—› /home/aananth/projects/capi-someip/CommonAPI-SomeIP-3.1.3/src/CommonAPI/SomeIP/StubAdapter.cpp::getConnection():2d | time=a:29:1.45d06; time-diff=1.68276e+07 us
/home/aananth/projects/capi-someip/project/src/sum_ifStubImpl.cpp::add2 : 17 ==> 190 + 20
»—› /home/aananth/projects/capi-someip/project/src/sum_ifStubImpl.cpp::add2():19 | time=a:29:1.45dce; time-diff=1.68278e+07 us
»—› /home/aananth/projects/capi-someip/CommonAPI-SomeIP-3.1.3/src/CommonAPI/SomeIP/StubAdapter.cpp::getConnection():2d | time=a:29:1.45f83; time-diff=1.68282e+07 us
/home/aananth/projects/capi-someip/project/src/sum_ifStubImpl.cpp::add2 : 17 ==> 210 + 21
»—› /home/aananth/projects/capi-someip/project/src/sum_ifStubImpl.cpp::add2():19 | time=a:29:1.4604a; time-diff=1.68284e+07 us
»—› /home/aananth/projects/capi-someip/CommonAPI-SomeIP-3.1.3/src/CommonAPI/SomeIP/StubAdapter.cpp::getConnection():2d | time=a:29:1.46207; time-diff=1.68288e+07 us
/home/aananth/projects/capi-someip/project/src/sum_ifStubImpl.cpp::add2 : 17 ==> 231 + 22
»—› /home/aananth/projects/capi-someip/project/src/sum_ifStubImpl.cpp::add2():19 | time=a:29:1.462cc; time-diff=1.6829e+07 us
»—› /home/aananth/projects/capi-someip/CommonAPI-SomeIP-3.1.3/src/CommonAPI/SomeIP/StubAdapter.cpp::getConnection():2d | time=a:29:1.464b8; time-diff=1.68295e+07 us
/home/aananth/projects/capi-someip/project/src/sum_ifStubImpl.cpp::add2 : 17 ==> 253 + 23
»—› /home/aananth/projects/capi-someip/project/src/sum_ifStubImpl.cpp::add2():19 | time=a:29:1.4657f; time-diff=1.68297e+07 us
»—› /home/aananth/projects/capi-someip/CommonAPI-SomeIP-3.1.3/src/CommonAPI/SomeIP/StubAdapter.cpp::getConnection():2d | time=a:29:1.4672d; time-diff=1.68302e+07 us
/home/aananth/projects/capi-someip/project/src/sum_ifStubImpl.cpp::add2 : 17 ==> 276 + 24
»—› /home/aananth/projects/capi-someip/project/src/sum_ifStubImpl.cpp::add2():19 | time=a:29:1.467f3; time-diff=1.68304e+07 us
»—› /home/aananth/projects/capi-someip/CommonAPI-SomeIP-3.1.3/src/CommonAPI/SomeIP/StubAdapter.cpp::getConnection():2d | time=a:29:1.469c5; time-diff=1.68308e+07 us
/home/aananth/projects/capi-someip/project/src/sum_ifStubImpl.cpp::add2 : 17 ==> 300 + 25
»—› /home/aananth/projects/capi-someip/project/src/sum_ifStubImpl.cpp::add2():19 | time=a:29:1.46a8b; time-diff=1.6831e+07 us
»—› /home/aananth/projects/capi-someip/CommonAPI-SomeIP-3.1.3/src/CommonAPI/SomeIP/StubAdapter.cpp::getConnection():2d | time=a:29:1.46c3b; time-diff=1.68315e+07 us
/home/aananth/projects/capi-someip/project/src/sum_ifStubImpl.cpp::add2 : 17 ==> 325 + 26
»—› /home/aananth/projects/capi-someip/project/src/sum_ifStubImpl.cpp::add2():19 | time=a:29:1.46d02; time-diff=1.68317e+07 us
»—› /home/aananth/projects/capi-someip/CommonAPI-SomeIP-3.1.3/src/CommonAPI/SomeIP/StubAdapter.cpp::getConnection():2d | time=a:29:1.46e97; time-diff=1.68321e+07 us
/home/aananth/projects/capi-someip/project/src/sum_ifStubImpl.cpp::add2 : 17 ==> 351 + 27
»—› /home/aananth/projects/capi-someip/project/src/sum_ifStubImpl.cpp::add2():19 | time=a:29:1.46f3d; time-diff=1.68322e+07 us
»—› /home/aananth/projects/capi-someip/CommonAPI-SomeIP-3.1.3/src/CommonAPI/SomeIP/StubAdapter.cpp::getConnection():2d | time=a:29:1.4711b; time-diff=1.68327e+07 us
/home/aananth/projects/capi-someip/project/src/sum_ifStubImpl.cpp::add2 : 17 ==> 378 + 28
»—› /home/aananth/projects/capi-someip/project/src/sum_ifStubImpl.cpp::add2():19 | time=a:29:1.4720c; time-diff=1.6833e+07 us
»—› /home/aananth/projects/capi-someip/CommonAPI-SomeIP-3.1.3/src/CommonAPI/SomeIP/StubAdapter.cpp::getConnection():2d | time=a:29:1.473b2; time-diff=1.68334e+07 us
/home/aananth/projects/capi-someip/project/src/sum_ifStubImpl.cpp::add2 : 17 ==> 406 + 29
»—› /home/aananth/projects/capi-someip/project/src/sum_ifStubImpl.cpp::add2():19 | time=a:29:1.4745c; time-diff=1.68335e+07 us
»—› /home/aananth/projects/capi-someip/CommonAPI-SomeIP-3.1.3/src/CommonAPI/SomeIP/StubAdapter.cpp::getConnection():2d | time=a:29:1.4761a; time-diff=1.6834e+07 us
/home/aananth/projects/capi-someip/project/src/sum_ifStubImpl.cpp::add2 : 17 ==> 435 + 30
»—› /home/aananth/projects/capi-someip/project/src/sum_ifStubImpl.cpp::add2():19 | time=a:29:1.476de; time-diff=1.68342e+07 us
»—› /home/aananth/projects/capi-someip/CommonAPI-SomeIP-3.1.3/src/CommonAPI/SomeIP/StubAdapter.cpp::getConnection():2d | time=a:29:1.47890; time-diff=1.68346e+07 us
/home/aananth/projects/capi-someip/project/src/sum_ifStubImpl.cpp::add2 : 17 ==> 465 + 31
»—› /home/aananth/projects/capi-someip/project/src/sum_ifStubImpl.cpp::add2():19 | time=a:29:1.47942; time-diff=1.68348e+07 us
»—› /home/aananth/projects/capi-someip/CommonAPI-SomeIP-3.1.3/src/CommonAPI/SomeIP/StubAdapter.cpp::getConnection():2d | time=a:29:1.47aa2; time-diff=1.68351e+07 us
/home/aananth/projects/capi-someip/project/src/sum_ifStubImpl.cpp::add2 : 17 ==> 496 + 32
»—› /home/aananth/projects/capi-someip/project/src/sum_ifStubImpl.cpp::add2():19 | time=a:29:1.47b37; time-diff=1.68353e+07 us
»—› /home/aananth/projects/capi-someip/CommonAPI-SomeIP-3.1.3/src/CommonAPI/SomeIP/StubAdapter.cpp::getConnection():2d | time=a:29:1.47c9f; time-diff=1.68357e+07 us
/home/aananth/projects/capi-someip/project/src/sum_ifStubImpl.cpp::add2 : 17 ==> 528 + 33
»—› /home/aananth/projects/capi-someip/project/src/sum_ifStubImpl.cpp::add2():19 | time=a:29:1.47d2e; time-diff=1.68358e+07 us
»—› /home/aananth/projects/capi-someip/CommonAPI-SomeIP-3.1.3/src/CommonAPI/SomeIP/StubAdapter.cpp::getConnection():2d | time=a:29:1.47ebb; time-diff=1.68362e+07 us
/home/aananth/projects/capi-someip/project/src/sum_ifStubImpl.cpp::add2 : 17 ==> 561 + 34
»—› /home/aananth/projects/capi-someip/project/src/sum_ifStubImpl.cpp::add2():19 | time=a:29:1.47f47; time-diff=1.68363e+07 us
»—› /home/aananth/projects/capi-someip/CommonAPI-SomeIP-3.1.3/src/CommonAPI/SomeIP/StubAdapter.cpp::getConnection():2d | time=a:29:1.480cc; time-diff=1.68367e+07 us
/home/aananth/projects/capi-someip/project/src/sum_ifStubImpl.cpp::add2 : 17 ==> 595 + 35
»—› /home/aananth/projects/capi-someip/project/src/sum_ifStubImpl.cpp::add2():19 | time=a:29:1.4817b; time-diff=1.68369e+07 us
»—› /home/aananth/projects/capi-someip/CommonAPI-SomeIP-3.1.3/src/CommonAPI/SomeIP/StubAdapter.cpp::getConnection():2d | time=a:29:1.482db; time-diff=1.68373e+07 us
/home/aananth/projects/capi-someip/project/src/sum_ifStubImpl.cpp::add2 : 17 ==> 630 + 36
»—› /home/aananth/projects/capi-someip/project/src/sum_ifStubImpl.cpp::add2():19 | time=a:29:1.4837e; time-diff=1.68374e+07 us
»—› /home/aananth/projects/capi-someip/CommonAPI-SomeIP-3.1.3/src/CommonAPI/SomeIP/StubAdapter.cpp::getConnection():2d | time=a:29:1.484d3; time-diff=1.68378e+07 us
/home/aananth/projects/capi-someip/project/src/sum_ifStubImpl.cpp::add2 : 17 ==> 666 + 37
»—› /home/aananth/projects/capi-someip/project/src/sum_ifStubImpl.cpp::add2():19 | time=a:29:1.48561; time-diff=1.68379e+07 us
»—› /home/aananth/projects/capi-someip/CommonAPI-SomeIP-3.1.3/src/CommonAPI/SomeIP/StubAdapter.cpp::getConnection():2d | time=a:29:1.486b6; time-diff=1.68382e+07 us
/home/aananth/projects/capi-someip/project/src/sum_ifStubImpl.cpp::add2 : 17 ==> 703 + 38
»—› /home/aananth/projects/capi-someip/project/src/sum_ifStubImpl.cpp::add2():19 | time=a:29:1.48745; time-diff=1.68384e+07 us
»—› /home/aananth/projects/capi-someip/CommonAPI-SomeIP-3.1.3/src/CommonAPI/SomeIP/StubAdapter.cpp::getConnection():2d | time=a:29:1.488df; time-diff=1.68388e+07 us
/home/aananth/projects/capi-someip/project/src/sum_ifStubImpl.cpp::add2 : 17 ==> 741 + 39
»—› /home/aananth/projects/capi-someip/project/src/sum_ifStubImpl.cpp::add2():19 | time=a:29:1.4896c; time-diff=1.68389e+07 us
»—› /home/aananth/projects/capi-someip/CommonAPI-SomeIP-3.1.3/src/CommonAPI/SomeIP/StubAdapter.cpp::getConnection():2d | time=a:29:1.48a78; time-diff=1.68392e+07 us
/home/aananth/projects/capi-someip/project/src/sum_ifStubImpl.cpp::add2 : 17 ==> 780 + 40
»—› /home/aananth/projects/capi-someip/project/src/sum_ifStubImpl.cpp::add2():19 | time=a:29:1.48b04; time-diff=1.68393e+07 us
»—› /home/aananth/projects/capi-someip/CommonAPI-SomeIP-3.1.3/src/CommonAPI/SomeIP/StubAdapter.cpp::getConnection():2d | time=a:29:1.48c1b; time-diff=1.68396e+07 us
/home/aananth/projects/capi-someip/project/src/sum_ifStubImpl.cpp::add2 : 17 ==> 820 + 41
»—› /home/aananth/projects/capi-someip/project/src/sum_ifStubImpl.cpp::add2():19 | time=a:29:1.48cc9; time-diff=1.68398e+07 us
»—› /home/aananth/projects/capi-someip/CommonAPI-SomeIP-3.1.3/src/CommonAPI/SomeIP/StubAdapter.cpp::getConnection():2d | time=a:29:1.48e49; time-diff=1.68402e+07 us
/home/aananth/projects/capi-someip/project/src/sum_ifStubImpl.cpp::add2 : 17 ==> 861 + 42
»—› /home/aananth/projects/capi-someip/project/src/sum_ifStubImpl.cpp::add2():19 | time=a:29:1.48efa; time-diff=1.68404e+07 us
»—› /home/aananth/projects/capi-someip/CommonAPI-SomeIP-3.1.3/src/CommonAPI/SomeIP/StubAdapter.cpp::getConnection():2d | time=a:29:1.49078; time-diff=1.68407e+07 us
/home/aananth/projects/capi-someip/project/src/sum_ifStubImpl.cpp::add2 : 17 ==> 903 + 43
»—› /home/aananth/projects/capi-someip/project/src/sum_ifStubImpl.cpp::add2():19 | time=a:29:1.49126; time-diff=1.68409e+07 us
»—› /home/aananth/projects/capi-someip/CommonAPI-SomeIP-3.1.3/src/CommonAPI/SomeIP/StubAdapter.cpp::getConnection():2d | time=a:29:1.492a5; time-diff=1.68413e+07 us
/home/aananth/projects/capi-someip/project/src/sum_ifStubImpl.cpp::add2 : 17 ==> 946 + 44
»—› /home/aananth/projects/capi-someip/project/src/sum_ifStubImpl.cpp::add2():19 | time=a:29:1.49355; time-diff=1.68415e+07 us
»—› /home/aananth/projects/capi-someip/CommonAPI-SomeIP-3.1.3/src/CommonAPI/SomeIP/StubAdapter.cpp::getConnection():2d | time=a:29:1.49502; time-diff=1.68419e+07 us
/home/aananth/projects/capi-someip/project/src/sum_ifStubImpl.cpp::add2 : 17 ==> 990 + 45
»—› /home/aananth/projects/capi-someip/project/src/sum_ifStubImpl.cpp::add2():19 | time=a:29:1.495b0; time-diff=1.68421e+07 us
»—› /home/aananth/projects/capi-someip/CommonAPI-SomeIP-3.1.3/src/CommonAPI/SomeIP/StubAdapter.cpp::getConnection():2d | time=a:29:1.49777; time-diff=1.68425e+07 us
/home/aananth/projects/capi-someip/project/src/sum_ifStubImpl.cpp::add2 : 17 ==> 1035 + 46
»—› /home/aananth/projects/capi-someip/project/src/sum_ifStubImpl.cpp::add2():19 | time=a:29:1.49826; time-diff=1.68427e+07 us
»—› /home/aananth/projects/capi-someip/CommonAPI-SomeIP-3.1.3/src/CommonAPI/SomeIP/StubAdapter.cpp::getConnection():2d | time=a:29:1.499e7; time-diff=1.68432e+07 us
/home/aananth/projects/capi-someip/project/src/sum_ifStubImpl.cpp::add2 : 17 ==> 1081 + 47
»—› /home/aananth/projects/capi-someip/project/src/sum_ifStubImpl.cpp::add2():19 | time=a:29:1.49a94; time-diff=1.68433e+07 us
»—› /home/aananth/projects/capi-someip/CommonAPI-SomeIP-3.1.3/src/CommonAPI/SomeIP/StubAdapter.cpp::getConnection():2d | time=a:29:1.49c5a; time-diff=1.68438e+07 us
/home/aananth/projects/capi-someip/project/src/sum_ifStubImpl.cpp::add2 : 17 ==> 1128 + 48
»—› /home/aananth/projects/capi-someip/project/src/sum_ifStubImpl.cpp::add2():19 | time=a:29:1.49d0a; time-diff=1.6844e+07 us
»—› /home/aananth/projects/capi-someip/CommonAPI-SomeIP-3.1.3/src/CommonAPI/SomeIP/StubAdapter.cpp::getConnection():2d | time=a:29:1.49ecb; time-diff=1.68444e+07 us
/home/aananth/projects/capi-someip/project/src/sum_ifStubImpl.cpp::add2 : 17 ==> 1176 + 49
»—› /home/aananth/projects/capi-someip/project/src/sum_ifStubImpl.cpp::add2():19 | time=a:29:1.49f9d; time-diff=1.68446e+07 us
»—› /home/aananth/projects/capi-someip/CommonAPI-SomeIP-3.1.3/src/CommonAPI/SomeIP/StubAdapter.cpp::getConnection():2d | time=a:29:1.4a18b; time-diff=1.68451e+07 us
/home/aananth/projects/capi-someip/project/src/sum_ifStubImpl.cpp::add2 : 17 ==> 1225 + 50
»—› /home/aananth/projects/capi-someip/project/src/sum_ifStubImpl.cpp::add2():19 | time=a:29:1.4a23b; time-diff=1.68453e+07 us
»—› /home/aananth/projects/capi-someip/CommonAPI-SomeIP-3.1.3/src/CommonAPI/SomeIP/StubAdapter.cpp::getConnection():2d | time=a:29:1.4a3d1; time-diff=1.68457e+07 us
/home/aananth/projects/capi-someip/project/src/sum_ifStubImpl.cpp::add2 : 17 ==> 1275 + 51
»—› /home/aananth/projects/capi-someip/project/src/sum_ifStubImpl.cpp::add2():19 | time=a:29:1.4a462; time-diff=1.68458e+07 us
»—› /home/aananth/projects/capi-someip/CommonAPI-SomeIP-3.1.3/src/CommonAPI/SomeIP/StubAdapter.cpp::getConnection():2d | time=a:29:1.4a601; time-diff=1.68463e+07 us
/home/aananth/projects/capi-someip/project/src/sum_ifStubImpl.cpp::add2 : 17 ==> 1326 + 52
»—› /home/aananth/projects/capi-someip/project/src/sum_ifStubImpl.cpp::add2():19 | time=a:29:1.4a68b; time-diff=1.68464e+07 us
»—› /home/aananth/projects/capi-someip/CommonAPI-SomeIP-3.1.3/src/CommonAPI/SomeIP/StubAdapter.cpp::getConnection():2d | time=a:29:1.4a7fb; time-diff=1.68468e+07 us
/home/aananth/projects/capi-someip/project/src/sum_ifStubImpl.cpp::add2 : 17 ==> 1378 + 53
»—› /home/aananth/projects/capi-someip/project/src/sum_ifStubImpl.cpp::add2():19 | time=a:29:1.4a884; time-diff=1.68469e+07 us
»—› /home/aananth/projects/capi-someip/CommonAPI-SomeIP-3.1.3/src/CommonAPI/SomeIP/StubAdapter.cpp::getConnection():2d | time=a:29:1.4a9e2; time-diff=1.68472e+07 us
/home/aananth/projects/capi-someip/project/src/sum_ifStubImpl.cpp::add2 : 17 ==> 1431 + 54
»—› /home/aananth/projects/capi-someip/project/src/sum_ifStubImpl.cpp::add2():19 | time=a:29:1.4aa91; time-diff=1.68474e+07 us
»—› /home/aananth/projects/capi-someip/CommonAPI-SomeIP-3.1.3/src/CommonAPI/SomeIP/StubAdapter.cpp::getConnection():2d | time=a:29:1.4ac06; time-diff=1.68478e+07 us
/home/aananth/projects/capi-someip/project/src/sum_ifStubImpl.cpp::add2 : 17 ==> 1485 + 55
»—› /home/aananth/projects/capi-someip/project/src/sum_ifStubImpl.cpp::add2():19 | time=a:29:1.4acb4; time-diff=1.6848e+07 us
»—› /home/aananth/projects/capi-someip/CommonAPI-SomeIP-3.1.3/src/CommonAPI/SomeIP/StubAdapter.cpp::getConnection():2d | time=a:29:1.4ae5b; time-diff=1.68484e+07 us
/home/aananth/projects/capi-someip/project/src/sum_ifStubImpl.cpp::add2 : 17 ==> 1540 + 56
»—› /home/aananth/projects/capi-someip/project/src/sum_ifStubImpl.cpp::add2():19 | time=a:29:1.4af0b; time-diff=1.68486e+07 us
»—› /home/aananth/projects/capi-someip/CommonAPI-SomeIP-3.1.3/src/CommonAPI/SomeIP/StubAdapter.cpp::getConnection():2d | time=a:29:1.4b0a4; time-diff=1.6849e+07 us
/home/aananth/projects/capi-someip/project/src/sum_ifStubImpl.cpp::add2 : 17 ==> 1596 + 57
»—› /home/aananth/projects/capi-someip/project/src/sum_ifStubImpl.cpp::add2():19 | time=a:29:1.4b151; time-diff=1.68491e+07 us
»—› /home/aananth/projects/capi-someip/CommonAPI-SomeIP-3.1.3/src/CommonAPI/SomeIP/StubAdapter.cpp::getConnection():2d | time=a:29:1.4b312; time-diff=1.68496e+07 us
/home/aananth/projects/capi-someip/project/src/sum_ifStubImpl.cpp::add2 : 17 ==> 1653 + 58
»—› /home/aananth/projects/capi-someip/project/src/sum_ifStubImpl.cpp::add2():19 | time=a:29:1.4b3c2; time-diff=1.68498e+07 us
»—› /home/aananth/projects/capi-someip/CommonAPI-SomeIP-3.1.3/src/CommonAPI/SomeIP/StubAdapter.cpp::getConnection():2d | time=a:29:1.4b580; time-diff=1.68502e+07 us
/home/aananth/projects/capi-someip/project/src/sum_ifStubImpl.cpp::add2 : 17 ==> 1711 + 59
»—› /home/aananth/projects/capi-someip/project/src/sum_ifStubImpl.cpp::add2():19 | time=a:29:1.4b62e; time-diff=1.68504e+07 us
»—› /home/aananth/projects/capi-someip/CommonAPI-SomeIP-3.1.3/src/CommonAPI/SomeIP/StubAdapter.cpp::getConnection():2d | time=a:29:1.4b813; time-diff=1.68509e+07 us
/home/aananth/projects/capi-someip/project/src/sum_ifStubImpl.cpp::add2 : 17 ==> 1770 + 60
»—› /home/aananth/projects/capi-someip/project/src/sum_ifStubImpl.cpp::add2():19 | time=a:29:1.4b8c1; time-diff=1.68511e+07 us
»—› /home/aananth/projects/capi-someip/CommonAPI-SomeIP-3.1.3/src/CommonAPI/SomeIP/StubAdapter.cpp::getConnection():2d | time=a:29:1.4baa2; time-diff=1.68515e+07 us
/home/aananth/projects/capi-someip/project/src/sum_ifStubImpl.cpp::add2 : 17 ==> 1830 + 61
»—› /home/aananth/projects/capi-someip/project/src/sum_ifStubImpl.cpp::add2():19 | time=a:29:1.4bb4f; time-diff=1.68517e+07 us
»—› /home/aananth/projects/capi-someip/CommonAPI-SomeIP-3.1.3/src/CommonAPI/SomeIP/StubAdapter.cpp::getConnection():2d | time=a:29:1.4bd0e; time-diff=1.68522e+07 us
/home/aananth/projects/capi-someip/project/src/sum_ifStubImpl.cpp::add2 : 17 ==> 1891 + 62
»—› /home/aananth/projects/capi-someip/project/src/sum_ifStubImpl.cpp::add2():19 | time=a:29:1.4bdbf; time-diff=1.68523e+07 us
»—› /home/aananth/projects/capi-someip/CommonAPI-SomeIP-3.1.3/src/CommonAPI/SomeIP/StubAdapter.cpp::getConnection():2d | time=a:29:1.4bf82; time-diff=1.68528e+07 us
/home/aananth/projects/capi-someip/project/src/sum_ifStubImpl.cpp::add2 : 17 ==> 1953 + 63
»—› /home/aananth/projects/capi-someip/project/src/sum_ifStubImpl.cpp::add2():19 | time=a:29:1.4c031; time-diff=1.6853e+07 us
»—› /home/aananth/projects/capi-someip/CommonAPI-SomeIP-3.1.3/src/CommonAPI/SomeIP/StubAdapter.cpp::getConnection():2d | time=a:29:1.4c1ee; time-diff=1.68534e+07 us
/home/aananth/projects/capi-someip/project/src/sum_ifStubImpl.cpp::add2 : 17 ==> 2016 + 64
»—› /home/aananth/projects/capi-someip/project/src/sum_ifStubImpl.cpp::add2():19 | time=a:29:1.4c29e; time-diff=1.68536e+07 us
»—› /home/aananth/projects/capi-someip/CommonAPI-SomeIP-3.1.3/src/CommonAPI/SomeIP/StubAdapter.cpp::getConnection():2d | time=a:29:1.4c450; time-diff=1.6854e+07 us
/home/aananth/projects/capi-someip/project/src/sum_ifStubImpl.cpp::add2 : 17 ==> 2080 + 65
»—› /home/aananth/projects/capi-someip/project/src/sum_ifStubImpl.cpp::add2():19 | time=a:29:1.4c4e5; time-diff=1.68542e+07 us
»—› /home/aananth/projects/capi-someip/CommonAPI-SomeIP-3.1.3/src/CommonAPI/SomeIP/StubAdapter.cpp::getConnection():2d | time=a:29:1.4c69b; time-diff=1.68546e+07 us
/home/aananth/projects/capi-someip/project/src/sum_ifStubImpl.cpp::add2 : 17 ==> 2145 + 66
»—› /home/aananth/projects/capi-someip/project/src/sum_ifStubImpl.cpp::add2():19 | time=a:29:1.4c729; time-diff=1.68547e+07 us
»—› /home/aananth/projects/capi-someip/CommonAPI-SomeIP-3.1.3/src/CommonAPI/SomeIP/StubAdapter.cpp::getConnection():2d | time=a:29:1.4c8e8; time-diff=1.68552e+07 us
/home/aananth/projects/capi-someip/project/src/sum_ifStubImpl.cpp::add2 : 17 ==> 2211 + 67
»—› /home/aananth/projects/capi-someip/project/src/sum_ifStubImpl.cpp::add2():19 | time=a:29:1.4c973; time-diff=1.68553e+07 us
»—› /home/aananth/projects/capi-someip/CommonAPI-SomeIP-3.1.3/src/CommonAPI/SomeIP/StubAdapter.cpp::getConnection():2d | time=a:29:1.4cb19; time-diff=1.68557e+07 us
/home/aananth/projects/capi-someip/project/src/sum_ifStubImpl.cpp::add2 : 17 ==> 2278 + 68
»—› /home/aananth/projects/capi-someip/project/src/sum_ifStubImpl.cpp::add2():19 | time=a:29:1.4cba6; time-diff=1.68559e+07 us
»—› /home/aananth/projects/capi-someip/CommonAPI-SomeIP-3.1.3/src/CommonAPI/SomeIP/StubAdapter.cpp::getConnection():2d | time=a:29:1.4cd40; time-diff=1.68563e+07 us
/home/aananth/projects/capi-someip/project/src/sum_ifStubImpl.cpp::add2 : 17 ==> 2346 + 69
»—› /home/aananth/projects/capi-someip/project/src/sum_ifStubImpl.cpp::add2():19 | time=a:29:1.4cdca; time-diff=1.68564e+07 us
»—› /home/aananth/projects/capi-someip/CommonAPI-SomeIP-3.1.3/src/CommonAPI/SomeIP/StubAdapter.cpp::getConnection():2d | time=a:29:1.4cf32; time-diff=1.68568e+07 us
/home/aananth/projects/capi-someip/project/src/sum_ifStubImpl.cpp::add2 : 17 ==> 2415 + 70
»—› /home/aananth/projects/capi-someip/project/src/sum_ifStubImpl.cpp::add2():19 | time=a:29:1.4cfec; time-diff=1.6857e+07 us
»—› /home/aananth/projects/capi-someip/CommonAPI-SomeIP-3.1.3/src/CommonAPI/SomeIP/StubAdapter.cpp::getConnection():2d | time=a:29:1.4d201; time-diff=1.68575e+07 us
/home/aananth/projects/capi-someip/project/src/sum_ifStubImpl.cpp::add2 : 17 ==> 2485 + 71
»—› /home/aananth/projects/capi-someip/project/src/sum_ifStubImpl.cpp::add2():19 | time=a:29:1.4d28b; time-diff=1.68577e+07 us
»—› /home/aananth/projects/capi-someip/CommonAPI-SomeIP-3.1.3/src/CommonAPI/SomeIP/StubAdapter.cpp::getConnection():2d | time=a:29:1.4d41c; time-diff=1.68581e+07 us
/home/aananth/projects/capi-someip/project/src/sum_ifStubImpl.cpp::add2 : 17 ==> 2556 + 72
»—› /home/aananth/projects/capi-someip/project/src/sum_ifStubImpl.cpp::add2():19 | time=a:29:1.4d4a6; time-diff=1.68582e+07 us
»—› /home/aananth/projects/capi-someip/CommonAPI-SomeIP-3.1.3/src/CommonAPI/SomeIP/StubAdapter.cpp::getConnection():2d | time=a:29:1.4d62b; time-diff=1.68586e+07 us
/home/aananth/projects/capi-someip/project/src/sum_ifStubImpl.cpp::add2 : 17 ==> 2628 + 73
»—› /home/aananth/projects/capi-someip/project/src/sum_ifStubImpl.cpp::add2():19 | time=a:29:1.4d6b6; time-diff=1.68587e+07 us
»—› /home/aananth/projects/capi-someip/CommonAPI-SomeIP-3.1.3/src/CommonAPI/SomeIP/StubAdapter.cpp::getConnection():2d | time=a:29:1.4d822; time-diff=1.68591e+07 us
/home/aananth/projects/capi-someip/project/src/sum_ifStubImpl.cpp::add2 : 17 ==> 2701 + 74
»—› /home/aananth/projects/capi-someip/project/src/sum_ifStubImpl.cpp::add2():19 | time=a:29:1.4d8ab; time-diff=1.68592e+07 us
»—› /home/aananth/projects/capi-someip/CommonAPI-SomeIP-3.1.3/src/CommonAPI/SomeIP/StubAdapter.cpp::getConnection():2d | time=a:29:1.4da41; time-diff=1.68596e+07 us
/home/aananth/projects/capi-someip/project/src/sum_ifStubImpl.cpp::add2 : 17 ==> 2775 + 75
»—› /home/aananth/projects/capi-someip/project/src/sum_ifStubImpl.cpp::add2():19 | time=a:29:1.4dacb; time-diff=1.68598e+07 us
»—› /home/aananth/projects/capi-someip/CommonAPI-SomeIP-3.1.3/src/CommonAPI/SomeIP/StubAdapter.cpp::getConnection():2d | time=a:29:1.4dc36; time-diff=1.68601e+07 us
/home/aananth/projects/capi-someip/project/src/sum_ifStubImpl.cpp::add2 : 17 ==> 2850 + 76
»—› /home/aananth/projects/capi-someip/project/src/sum_ifStubImpl.cpp::add2():19 | time=a:29:1.4dcbf; time-diff=1.68603e+07 us
»—› /home/aananth/projects/capi-someip/CommonAPI-SomeIP-3.1.3/src/CommonAPI/SomeIP/StubAdapter.cpp::getConnection():2d | time=a:29:1.4de2a; time-diff=1.68606e+07 us
/home/aananth/projects/capi-someip/project/src/sum_ifStubImpl.cpp::add2 : 17 ==> 2926 + 77
»—› /home/aananth/projects/capi-someip/project/src/sum_ifStubImpl.cpp::add2():19 | time=a:29:1.4deb4; time-diff=1.68608e+07 us
»—› /home/aananth/projects/capi-someip/CommonAPI-SomeIP-3.1.3/src/CommonAPI/SomeIP/StubAdapter.cpp::getConnection():2d | time=a:29:1.4e082; time-diff=1.68612e+07 us
/home/aananth/projects/capi-someip/project/src/sum_ifStubImpl.cpp::add2 : 17 ==> 3003 + 78
»—› /home/aananth/projects/capi-someip/project/src/sum_ifStubImpl.cpp::add2():19 | time=a:29:1.4e10c; time-diff=1.68614e+07 us
»—› /home/aananth/projects/capi-someip/CommonAPI-SomeIP-3.1.3/src/CommonAPI/SomeIP/StubAdapter.cpp::getConnection():2d | time=a:29:1.4e27e; time-diff=1.68617e+07 us
/home/aananth/projects/capi-someip/project/src/sum_ifStubImpl.cpp::add2 : 17 ==> 3081 + 79
»—› /home/aananth/projects/capi-someip/project/src/sum_ifStubImpl.cpp::add2():19 | time=a:29:1.4e307; time-diff=1.68619e+07 us
»—› /home/aananth/projects/capi-someip/CommonAPI-SomeIP-3.1.3/src/CommonAPI/SomeIP/StubAdapter.cpp::getConnection():2d | time=a:29:1.4e471; time-diff=1.68622e+07 us
/home/aananth/projects/capi-someip/project/src/sum_ifStubImpl.cpp::add2 : 17 ==> 3160 + 80
»—› /home/aananth/projects/capi-someip/project/src/sum_ifStubImpl.cpp::add2():19 | time=a:29:1.4e534; time-diff=1.68624e+07 us
»—› /home/aananth/projects/capi-someip/CommonAPI-SomeIP-3.1.3/src/CommonAPI/SomeIP/StubAdapter.cpp::getConnection():2d | time=a:29:1.4e696; time-diff=1.68628e+07 us
/home/aananth/projects/capi-someip/project/src/sum_ifStubImpl.cpp::add2 : 17 ==> 3240 + 81
»—› /home/aananth/projects/capi-someip/project/src/sum_ifStubImpl.cpp::add2():19 | time=a:29:1.4e722; time-diff=1.68629e+07 us
»—› /home/aananth/projects/capi-someip/CommonAPI-SomeIP-3.1.3/src/CommonAPI/SomeIP/StubAdapter.cpp::getConnection():2d | time=a:29:1.4e8ad; time-diff=1.68633e+07 us
/home/aananth/projects/capi-someip/project/src/sum_ifStubImpl.cpp::add2 : 17 ==> 3321 + 82
»—› /home/aananth/projects/capi-someip/project/src/sum_ifStubImpl.cpp::add2():19 | time=a:29:1.4e935; time-diff=1.68635e+07 us
»—› /home/aananth/projects/capi-someip/CommonAPI-SomeIP-3.1.3/src/CommonAPI/SomeIP/StubAdapter.cpp::getConnection():2d | time=a:29:1.4ea89; time-diff=1.68638e+07 us
/home/aananth/projects/capi-someip/project/src/sum_ifStubImpl.cpp::add2 : 17 ==> 3403 + 83
»—› /home/aananth/projects/capi-someip/project/src/sum_ifStubImpl.cpp::add2():19 | time=a:29:1.4eb13; time-diff=1.68639e+07 us
»—› /home/aananth/projects/capi-someip/CommonAPI-SomeIP-3.1.3/src/CommonAPI/SomeIP/StubAdapter.cpp::getConnection():2d | time=a:29:1.4ec43; time-diff=1.68642e+07 us
/home/aananth/projects/capi-someip/project/src/sum_ifStubImpl.cpp::add2 : 17 ==> 3486 + 84
»—› /home/aananth/projects/capi-someip/project/src/sum_ifStubImpl.cpp::add2():19 | time=a:29:1.4eccb; time-diff=1.68644e+07 us
»—› /home/aananth/projects/capi-someip/CommonAPI-SomeIP-3.1.3/src/CommonAPI/SomeIP/StubAdapter.cpp::getConnection():2d | time=a:29:1.4ee4c; time-diff=1.68648e+07 us
/home/aananth/projects/capi-someip/project/src/sum_ifStubImpl.cpp::add2 : 17 ==> 3570 + 85
»—› /home/aananth/projects/capi-someip/project/src/sum_ifStubImpl.cpp::add2():19 | time=a:29:1.4eed4; time-diff=1.68649e+07 us
»—› /home/aananth/projects/capi-someip/CommonAPI-SomeIP-3.1.3/src/CommonAPI/SomeIP/StubAdapter.cpp::getConnection():2d | time=a:29:1.4efff; time-diff=1.68652e+07 us
/home/aananth/projects/capi-someip/project/src/sum_ifStubImpl.cpp::add2 : 17 ==> 3655 + 86
»—› /home/aananth/projects/capi-someip/project/src/sum_ifStubImpl.cpp::add2():19 | time=a:29:1.4f087; time-diff=1.68653e+07 us
»—› /home/aananth/projects/capi-someip/CommonAPI-SomeIP-3.1.3/src/CommonAPI/SomeIP/StubAdapter.cpp::getConnection():2d | time=a:29:1.4f1ac; time-diff=1.68656e+07 us
/home/aananth/projects/capi-someip/project/src/sum_ifStubImpl.cpp::add2 : 17 ==> 3741 + 87
»—› /home/aananth/projects/capi-someip/project/src/sum_ifStubImpl.cpp::add2():19 | time=a:29:1.4f234; time-diff=1.68658e+07 us
»—› /home/aananth/projects/capi-someip/CommonAPI-SomeIP-3.1.3/src/CommonAPI/SomeIP/StubAdapter.cpp::getConnection():2d | time=a:29:1.4f357; time-diff=1.6866e+07 us
/home/aananth/projects/capi-someip/project/src/sum_ifStubImpl.cpp::add2 : 17 ==> 3828 + 88
»—› /home/aananth/projects/capi-someip/project/src/sum_ifStubImpl.cpp::add2():19 | time=a:29:1.4f3e0; time-diff=1.68662e+07 us
»—› /home/aananth/projects/capi-someip/CommonAPI-SomeIP-3.1.3/src/CommonAPI/SomeIP/StubAdapter.cpp::getConnection():2d | time=a:29:1.4f528; time-diff=1.68665e+07 us
/home/aananth/projects/capi-someip/project/src/sum_ifStubImpl.cpp::add2 : 17 ==> 3916 + 89
»—› /home/aananth/projects/capi-someip/project/src/sum_ifStubImpl.cpp::add2():19 | time=a:29:1.4f5b2; time-diff=1.68667e+07 us
»—› /home/aananth/projects/capi-someip/CommonAPI-SomeIP-3.1.3/src/CommonAPI/SomeIP/StubAdapter.cpp::getConnection():2d | time=a:29:1.4f715; time-diff=1.6867e+07 us
/home/aananth/projects/capi-someip/project/src/sum_ifStubImpl.cpp::add2 : 17 ==> 4005 + 90
»—› /home/aananth/projects/capi-someip/project/src/sum_ifStubImpl.cpp::add2():19 | time=a:29:1.4f799; time-diff=1.68671e+07 us
»—› /home/aananth/projects/capi-someip/CommonAPI-SomeIP-3.1.3/src/CommonAPI/SomeIP/StubAdapter.cpp::getConnection():2d | time=a:29:1.4f95d; time-diff=1.68676e+07 us
/home/aananth/projects/capi-someip/project/src/sum_ifStubImpl.cpp::add2 : 17 ==> 4095 + 91
»—› /home/aananth/projects/capi-someip/project/src/sum_ifStubImpl.cpp::add2():19 | time=a:29:1.4f9e4; time-diff=1.68677e+07 us
»—› /home/aananth/projects/capi-someip/CommonAPI-SomeIP-3.1.3/src/CommonAPI/SomeIP/StubAdapter.cpp::getConnection():2d | time=a:29:1.4fb53; time-diff=1.68681e+07 us
/home/aananth/projects/capi-someip/project/src/sum_ifStubImpl.cpp::add2 : 17 ==> 4186 + 92
»—› /home/aananth/projects/capi-someip/project/src/sum_ifStubImpl.cpp::add2():19 | time=a:29:1.4fbdb; time-diff=1.68682e+07 us
»—› /home/aananth/projects/capi-someip/CommonAPI-SomeIP-3.1.3/src/CommonAPI/SomeIP/StubAdapter.cpp::getConnection():2d | time=a:29:1.4fd4c; time-diff=1.68686e+07 us
/home/aananth/projects/capi-someip/project/src/sum_ifStubImpl.cpp::add2 : 17 ==> 4278 + 93
»—› /home/aananth/projects/capi-someip/project/src/sum_ifStubImpl.cpp::add2():19 | time=a:29:1.4fdd6; time-diff=1.68687e+07 us
»—› /home/aananth/projects/capi-someip/CommonAPI-SomeIP-3.1.3/src/CommonAPI/SomeIP/StubAdapter.cpp::getConnection():2d | time=a:29:1.4ff89; time-diff=1.68692e+07 us
/home/aananth/projects/capi-someip/project/src/sum_ifStubImpl.cpp::add2 : 17 ==> 4371 + 94
»—› /home/aananth/projects/capi-someip/project/src/sum_ifStubImpl.cpp::add2():19 | time=a:29:1.5003a; time-diff=1.68693e+07 us
»—› /home/aananth/projects/capi-someip/CommonAPI-SomeIP-3.1.3/src/CommonAPI/SomeIP/StubAdapter.cpp::getConnection():2d | time=a:29:1.501c5; time-diff=1.68697e+07 us
/home/aananth/projects/capi-someip/project/src/sum_ifStubImpl.cpp::add2 : 17 ==> 4465 + 95
»—› /home/aananth/projects/capi-someip/project/src/sum_ifStubImpl.cpp::add2():19 | time=a:29:1.50274; time-diff=1.68699e+07 us
»—› /home/aananth/projects/capi-someip/CommonAPI-SomeIP-3.1.3/src/CommonAPI/SomeIP/StubAdapter.cpp::getConnection():2d | time=a:29:1.503f8; time-diff=1.68703e+07 us
/home/aananth/projects/capi-someip/project/src/sum_ifStubImpl.cpp::add2 : 17 ==> 4560 + 96
»—› /home/aananth/projects/capi-someip/project/src/sum_ifStubImpl.cpp::add2():19 | time=a:29:1.504c0; time-diff=1.68705e+07 us
»—› /home/aananth/projects/capi-someip/CommonAPI-SomeIP-3.1.3/src/CommonAPI/SomeIP/StubAdapter.cpp::getConnection():2d | time=a:29:1.50646; time-diff=1.68709e+07 us
/home/aananth/projects/capi-someip/project/src/sum_ifStubImpl.cpp::add2 : 17 ==> 4656 + 97
»—› /home/aananth/projects/capi-someip/project/src/sum_ifStubImpl.cpp::add2():19 | time=a:29:1.506f5; time-diff=1.68711e+07 us
»—› /home/aananth/projects/capi-someip/CommonAPI-SomeIP-3.1.3/src/CommonAPI/SomeIP/StubAdapter.cpp::getConnection():2d | time=a:29:1.508bd; time-diff=1.68715e+07 us
/home/aananth/projects/capi-someip/project/src/sum_ifStubImpl.cpp::add2 : 17 ==> 4753 + 98
»—› /home/aananth/projects/capi-someip/project/src/sum_ifStubImpl.cpp::add2():19 | time=a:29:1.50957; time-diff=1.68717e+07 us
»—› /home/aananth/projects/capi-someip/CommonAPI-SomeIP-3.1.3/src/CommonAPI/SomeIP/StubAdapter.cpp::getConnection():2d | time=a:29:1.50adc; time-diff=1.68721e+07 us
/home/aananth/projects/capi-someip/project/src/sum_ifStubImpl.cpp::add2 : 17 ==> 4851 + 99
»—› /home/aananth/projects/capi-someip/project/src/sum_ifStubImpl.cpp::add2():19 | time=a:29:1.50b8a; time-diff=1.68722e+07 us
»—› /home/aananth/projects/capi-someip/CommonAPI-SomeIP-3.1.3/src/CommonAPI/SomeIP/StubAdapter.cpp::getConnection():2d | time=a:29:1.50d3b; time-diff=1.68727e+07 us
/home/aananth/projects/capi-someip/project/src/sum_ifStubImpl.cpp::add2 : 17 ==> 4950 + 100
»—› /home/aananth/projects/capi-someip/project/src/sum_ifStubImpl.cpp::add2():19 | time=a:29:1.50de9; time-diff=1.68729e+07 us
